<?xml version="1.0" encoding="UTF-8"?>
<testng-results ignored="0" total="1" passed="1" failed="0" skipped="0">
  <reporter-output>
  </reporter-output>
  <suite started-at="2025-02-03T14:50:23 IST" name="Suite" finished-at="2025-02-03T14:50:54 IST" duration-ms="31452">
    <groups>
      <group name="Master">
        <method signature="TC_AccountRegistration_Test.Verify_AccountRegistration()[pri:0, instance:testCases.TC_AccountRegistration_Test@59fd97a8]" name="Verify_AccountRegistration" class="testCases.TC_AccountRegistration_Test"/>
      </group> <!-- Master -->
      <group name="Sanity">
        <method signature="TC_AccountRegistration_Test.Verify_AccountRegistration()[pri:0, instance:testCases.TC_AccountRegistration_Test@59fd97a8]" name="Verify_AccountRegistration" class="testCases.TC_AccountRegistration_Test"/>
      </group> <!-- Sanity -->
    </groups>
    <test started-at="2025-02-03T14:50:23 IST" name="Test" finished-at="2025-02-03T14:50:54 IST" duration-ms="31452">
      <class name="testCases.TC_AccountRegistration_Test">
        <test-method is-config="true" signature="setup(java.lang.String,java.lang.String)[pri:0, instance:testCases.TC_AccountRegistration_Test@59fd97a8]" started-at="2025-02-03T14:50:23 IST" name="setup" finished-at="2025-02-03T14:50:32 IST" duration-ms="8426" status="PASS">
          <params>
            <param index="0">
              <value>
                <![CDATA[Windows]]>
              </value>
            </param>
            <param index="1">
              <value>
                <![CDATA[chrome]]>
              </value>
            </param>
          </params>
          <reporter-output>
          </reporter-output>
        </test-method> <!-- setup -->
        <test-method signature="Verify_AccountRegistration()[pri:0, instance:testCases.TC_AccountRegistration_Test@59fd97a8]" started-at="2025-02-03T14:50:32 IST" name="Verify_AccountRegistration" finished-at="2025-02-03T14:50:53 IST" duration-ms="21679" status="PASS">
          <reporter-output>
          </reporter-output>
        </test-method> <!-- Verify_AccountRegistration -->
        <test-method is-config="true" signature="teardown()[pri:0, instance:testCases.TC_AccountRegistration_Test@59fd97a8]" started-at="2025-02-03T14:50:54 IST" name="teardown" finished-at="2025-02-03T14:50:54 IST" duration-ms="126" status="PASS">
          <reporter-output>
          </reporter-output>
        </test-method> <!-- teardown -->
      </class> <!-- testCases.TC_AccountRegistration_Test -->
    </test> <!-- Test -->
  </suite> <!-- Suite -->
</testng-results>
