<?xml version="1.0" encoding="UTF-8"?>
<testng-results ignored="0" total="1" passed="1" failed="0" skipped="0">
  <reporter-output>
  </reporter-output>
  <suite started-at="2025-02-19T17:56:50 IST" name="Default suite" finished-at="2025-02-19T17:57:28 IST" duration-ms="38157">
    <groups>
      <group name="Master">
        <method signature="TC_AccountRegistration_Test.Verify_AccountRegistration()[pri:0, instance:testCases.TC_AccountRegistration_Test@7f3b84b8]" name="Verify_AccountRegistration" class="testCases.TC_AccountRegistration_Test"/>
      </group> <!-- Master -->
      <group name="Sanity">
        <method signature="TC_AccountRegistration_Test.Verify_AccountRegistration()[pri:0, instance:testCases.TC_AccountRegistration_Test@7f3b84b8]" name="Verify_AccountRegistration" class="testCases.TC_AccountRegistration_Test"/>
      </group> <!-- Sanity -->
    </groups>
    <test started-at="2025-02-19T17:56:50 IST" name="Default test" finished-at="2025-02-19T17:57:28 IST" duration-ms="38157">
      <class name="testCases.TC_AccountRegistration_Test">
        <test-method is-config="true" signature="setup(java.lang.String,java.lang.String)[pri:0, instance:testCases.TC_AccountRegistration_Test@7f3b84b8]" started-at="2025-02-19T17:56:50 IST" name="setup" finished-at="2025-02-19T17:56:59 IST" duration-ms="9934" status="PASS">
          <params>
            <param index="0">
              <value>
                <![CDATA[Windows]]>
              </value>
            </param>
            <param index="1">
              <value>
                <![CDATA[Chrome]]>
              </value>
            </param>
          </params>
          <reporter-output>
          </reporter-output>
        </test-method> <!-- setup -->
        <test-method signature="Verify_AccountRegistration()[pri:0, instance:testCases.TC_AccountRegistration_Test@7f3b84b8]" started-at="2025-02-19T17:57:00 IST" name="Verify_AccountRegistration" finished-at="2025-02-19T17:57:27 IST" duration-ms="27919" status="PASS">
          <reporter-output>
          </reporter-output>
        </test-method> <!-- Verify_AccountRegistration -->
        <test-method is-config="true" signature="teardown()[pri:0, instance:testCases.TC_AccountRegistration_Test@7f3b84b8]" started-at="2025-02-19T17:57:27 IST" name="teardown" finished-at="2025-02-19T17:57:28 IST" duration-ms="219" status="PASS">
          <reporter-output>
          </reporter-output>
        </test-method> <!-- teardown -->
      </class> <!-- testCases.TC_AccountRegistration_Test -->
    </test> <!-- Default test -->
  </suite> <!-- Default suite -->
</testng-results>
